<?xml version="1.0" encoding="UTF-8"?>
<testng-results skipped="0" failed="0" total="1" passed="1">
  <reporter-output>
  </reporter-output>
  <suite name="Default suite" duration-ms="19572" started-at="2018-06-19T17:50:27Z" finished-at="2018-06-19T17:50:46Z">
    <groups>
    </groups>
    <test name="Default test" duration-ms="19572" started-at="2018-06-19T17:50:27Z" finished-at="2018-06-19T17:50:46Z">
      <class name="tests.LoginTest">
        <test-method status="PASS" signature="login()[pri:0, instance:tests.LoginTest@61443d8f]" name="login" duration-ms="19525" started-at="2018-06-19T23:20:27Z" finished-at="2018-06-19T23:20:46Z">
          <reporter-output>
          </reporter-output>
        </test-method> <!-- login -->
      </class> <!-- tests.LoginTest -->
    </test> <!-- Default test -->
  </suite> <!-- Default suite -->
</testng-results>
